# JRE version: OpenJDK Runtime Environment (8.0_242-b01) (build 1.8.0_242-release-1644-b01)
# Java VM: OpenJDK 64-Bit Server VM (25.242-b01 mixed mode windows-amd64 compressed oops)
Heap:
 PSYoungGen      total 105472K, used 35388K [0x000000076b180000, 0x0000000772400000, 0x00000007c0000000)
  eden space 94720K, 26% used [0x000000076b180000,0x000000076c993598,0x0000000770e00000)
  from space 10752K, 99% used [0x0000000770e00000,0x000000077187bd48,0x0000000771880000)
  to   space 10752K, 0% used [0x0000000771880000,0x0000000771880000,0x0000000772300000)
 ParOldGen       total 116224K, used 28915K [0x00000006c1400000, 0x00000006c8580000, 0x000000076b180000)
  object space 116224K, 24% used [0x00000006c1400000,0x00000006c303ce48,0x00000006c8580000)
 Metaspace       used 45901K, capacity 46720K, committed 46976K, reserved 1089536K
  class space    used 5743K, capacity 5975K, committed 6016K, reserved 1048576K
GC Heap History (10 events):
Event: 0.990 GC heap before
{Heap before GC invocations=3 (full 1):
 PSYoungGen      total 76288K, used 9855K [0x000000076b180000, 0x0000000770680000, 0x00000007c0000000)
  eden space 65536K, 0% used [0x000000076b180000,0x000000076b180000,0x000000076f180000)
  from space 10752K, 91% used [0x000000076fc00000,0x000000077059fde8,0x0000000770680000)
  to   space 10752K, 0% used [0x000000076f180000,0x000000076f180000,0x000000076fc00000)
 ParOldGen       total 175104K, used 4885K [0x00000006c1400000, 0x00000006cbf00000, 0x000000076b180000)
  object space 175104K, 2% used [0x00000006c1400000,0x00000006c18c5748,0x00000006cbf00000)
 Metaspace       used 20687K, capacity 21156K, committed 21296K, reserved 1069056K
  class space    used 2452K, capacity 2604K, committed 2688K, reserved 1048576K
Event: 1.011 GC heap after
Heap after GC invocations=3 (full 1):
 PSYoungGen      total 76288K, used 0K [0x000000076b180000, 0x0000000770680000, 0x00000007c0000000)
  eden space 65536K, 0% used [0x000000076b180000,0x000000076b180000,0x000000076f180000)
  from space 10752K, 0% used [0x000000076fc00000,0x000000076fc00000,0x0000000770680000)
  to   space 10752K, 0% used [0x000000076f180000,0x000000076f180000,0x000000076fc00000)
 ParOldGen       total 116224K, used 9472K [0x00000006c1400000, 0x00000006c8580000, 0x000000076b180000)
  object space 116224K, 8% used [0x00000006c1400000,0x00000006c1d40210,0x00000006c8580000)
 Metaspace       used 20687K, capacity 21156K, committed 21296K, reserved 1069056K
  class space    used 2452K, capacity 2604K, committed 2688K, reserved 1048576K
}
Event: 1.546 GC heap before
{Heap before GC invocations=4 (full 1):
 PSYoungGen      total 76288K, used 65536K [0x000000076b180000, 0x0000000770680000, 0x00000007c0000000)
  eden space 65536K, 100% used [0x000000076b180000,0x000000076f180000,0x000000076f180000)
  from space 10752K, 0% used [0x000000076fc00000,0x000000076fc00000,0x0000000770680000)
  to   space 10752K, 0% used [0x000000076f180000,0x000000076f180000,0x000000076fc00000)
 ParOldGen       total 116224K, used 9472K [0x00000006c1400000, 0x00000006c8580000, 0x000000076b180000)
  object space 116224K, 8% used [0x00000006c1400000,0x00000006c1d40210,0x00000006c8580000)
 Metaspace       used 29214K, capacity 29733K, committed 29824K, reserved 1075200K
  class space    used 3549K, capacity 3702K, committed 3712K, reserved 1048576K
Event: 1.553 GC heap after
Heap after GC invocations=4 (full 1):
 PSYoungGen      total 76288K, used 10746K [0x000000076b180000, 0x0000000772300000, 0x00000007c0000000)
  eden space 65536K, 0% used [0x000000076b180000,0x000000076b180000,0x000000076f180000)
  from space 10752K, 99% used [0x000000076f180000,0x000000076fbfeb00,0x000000076fc00000)
  to   space 10752K, 0% used [0x0000000771880000,0x0000000771880000,0x0000000772300000)
 ParOldGen       total 116224K, used 14952K [0x00000006c1400000, 0x00000006c8580000, 0x000000076b180000)
  object space 116224K, 12% used [0x00000006c1400000,0x00000006c229a090,0x00000006c8580000)
 Metaspace       used 29214K, capacity 29733K, committed 29824K, reserved 1075200K
  class space    used 3549K, capacity 3702K, committed 3712K, reserved 1048576K
}
Event: 1.844 GC heap before
{Heap before GC invocations=5 (full 1):
 PSYoungGen      total 76288K, used 38455K [0x000000076b180000, 0x0000000772300000, 0x00000007c0000000)
  eden space 65536K, 42% used [0x000000076b180000,0x000000076cc8f4d8,0x000000076f180000)
  from space 10752K, 99% used [0x000000076f180000,0x000000076fbfeb00,0x000000076fc00000)
  to   space 10752K, 0% used [0x0000000771880000,0x0000000771880000,0x0000000772300000)
 ParOldGen       total 116224K, used 14952K [0x00000006c1400000, 0x00000006c8580000, 0x000000076b180000)
  object space 116224K, 12% used [0x00000006c1400000,0x00000006c229a090,0x00000006c8580000)
 Metaspace       used 34645K, capacity 35194K, committed 35456K, reserved 1079296K
  class space    used 4438K, capacity 4616K, committed 4736K, reserved 1048576K
Event: 1.851 GC heap after
Heap after GC invocations=5 (full 1):
 PSYoungGen      total 105472K, used 10736K [0x000000076b180000, 0x0000000772400000, 0x00000007c0000000)
  eden space 94720K, 0% used [0x000000076b180000,0x000000076b180000,0x0000000770e00000)
  from space 10752K, 99% used [0x0000000771880000,0x00000007722fc1a8,0x0000000772300000)
  to   space 10752K, 0% used [0x0000000770e00000,0x0000000770e00000,0x0000000771880000)
 ParOldGen       total 116224K, used 18404K [0x00000006c1400000, 0x00000006c8580000, 0x000000076b180000)
  object space 116224K, 15% used [0x00000006c1400000,0x00000006c25f9370,0x00000006c8580000)
 Metaspace       used 34645K, capacity 35194K, committed 35456K, reserved 1079296K
  class space    used 4438K, capacity 4616K, committed 4736K, reserved 1048576K
}
Event: 1.851 GC heap before
{Heap before GC invocations=6 (full 2):
 PSYoungGen      total 105472K, used 10736K [0x000000076b180000, 0x0000000772400000, 0x00000007c0000000)
  eden space 94720K, 0% used [0x000000076b180000,0x000000076b180000,0x0000000770e00000)
  from space 10752K, 99% used [0x0000000771880000,0x00000007722fc1a8,0x0000000772300000)
  to   space 10752K, 0% used [0x0000000770e00000,0x0000000770e00000,0x0000000771880000)
 ParOldGen       total 116224K, used 18404K [0x00000006c1400000, 0x00000006c8580000, 0x000000076b180000)
  object space 116224K, 15% used [0x00000006c1400000,0x00000006c25f9370,0x00000006c8580000)
 Metaspace       used 34645K, capacity 35194K, committed 35456K, reserved 1079296K
  class space    used 4438K, capacity 4616K, committed 4736K, reserved 1048576K
Event: 1.877 GC heap after
Heap after GC invocations=6 (full 2):
 PSYoungGen      total 105472K, used 0K [0x000000076b180000, 0x0000000772400000, 0x00000007c0000000)
  eden space 94720K, 0% used [0x000000076b180000,0x000000076b180000,0x0000000770e00000)
  from space 10752K, 0% used [0x0000000771880000,0x0000000771880000,0x0000000772300000)
  to   space 10752K, 0% used [0x0000000770e00000,0x0000000770e00000,0x0000000771880000)
 ParOldGen       total 116224K, used 19540K [0x00000006c1400000, 0x00000006c8580000, 0x000000076b180000)
  object space 116224K, 16% used [0x00000006c1400000,0x00000006c2715138,0x00000006c8580000)
 Metaspace       used 34645K, capacity 35194K, committed 35456K, reserved 1079296K
  class space    used 4438K, capacity 4616K, committed 4736K, reserved 1048576K
}
Event: 2.661 GC heap before
{Heap before GC invocations=7 (full 2):
 PSYoungGen      total 105472K, used 94720K [0x000000076b180000, 0x0000000772400000, 0x00000007c0000000)
  eden space 94720K, 100% used [0x000000076b180000,0x0000000770e00000,0x0000000770e00000)
  from space 10752K, 0% used [0x0000000771880000,0x0000000771880000,0x0000000772300000)
  to   space 10752K, 0% used [0x0000000770e00000,0x0000000770e00000,0x0000000771880000)
 ParOldGen       total 116224K, used 19540K [0x00000006c1400000, 0x00000006c8580000, 0x000000076b180000)
  object space 116224K, 16% used [0x00000006c1400000,0x00000006c2715138,0x00000006c8580000)
 Metaspace       used 44572K, capacity 45346K, committed 45568K, reserved 1089536K
  class space    used 5651K, capacity 5868K, committed 5888K, reserved 1048576K
Event: 2.671 GC heap after
Heap after GC invocations=7 (full 2):
 PSYoungGen      total 105472K, used 10735K [0x000000076b180000, 0x0000000772400000, 0x00000007c0000000)
  eden space 94720K, 0% used [0x000000076b180000,0x000000076b180000,0x0000000770e00000)
  from space 10752K, 99% used [0x0000000770e00000,0x000000077187bd48,0x0000000771880000)
  to   space 10752K, 0% used [0x0000000771880000,0x0000000771880000,0x0000000772300000)
 ParOldGen       total 116224K, used 28915K [0x00000006c1400000, 0x00000006c8580000, 0x000000076b180000)
  object space 116224K, 24% used [0x00000006c1400000,0x00000006c303ce48,0x00000006c8580000)
 Metaspace       used 44572K, capacity 45346K, committed 45568K, reserved 1089536K
  class space    used 5651K, capacity 5868K, committed 5888K, reserved 1048576K
}

