# JRE version: OpenJDK Runtime Environment (8.0_242-b01) (build 1.8.0_242-release-1644-b01)
# Java VM: OpenJDK 64-Bit Server VM (25.242-b01 mixed mode windows-amd64 compressed oops)
Heap:
 PSYoungGen      total 105984K, used 45324K [0x000000076b180000, 0x0000000772480000, 0x00000007c0000000)
  eden space 95232K, 47% used [0x000000076b180000,0x000000076ddc33e8,0x0000000770e80000)
  from space 10752K, 0% used [0x0000000771900000,0x0000000771900000,0x0000000772380000)
  to   space 10752K, 0% used [0x0000000770e80000,0x0000000770e80000,0x0000000771900000)
 ParOldGen       total 116224K, used 19488K [0x00000006c1400000, 0x00000006c8580000, 0x000000076b180000)
  object space 116224K, 16% used [0x00000006c1400000,0x00000006c2708350,0x00000006c8580000)
 Metaspace       used 39353K, capacity 40046K, committed 40448K, reserved 1085440K
  class space    used 5056K, capacity 5272K, committed 5376K, reserved 1048576K
GC Heap History (10 events):
Event: 1.017 GC heap before
{Heap before GC invocations=2 (full 0):
 PSYoungGen      total 76288K, used 31039K [0x000000076b180000, 0x0000000770680000, 0x00000007c0000000)
  eden space 65536K, 30% used [0x000000076b180000,0x000000076c554b48,0x000000076f180000)
  from space 10752K, 99% used [0x000000076f180000,0x000000076fbfb298,0x000000076fc00000)
  to   space 10752K, 0% used [0x000000076fc00000,0x000000076fc00000,0x0000000770680000)
 ParOldGen       total 175104K, used 4840K [0x00000006c1400000, 0x00000006cbf00000, 0x000000076b180000)
  object space 175104K, 2% used [0x00000006c1400000,0x00000006c18ba0e0,0x00000006cbf00000)
 Metaspace       used 20677K, capacity 21156K, committed 21296K, reserved 1069056K
  class space    used 2449K, capacity 2604K, committed 2688K, reserved 1048576K
Event: 1.023 GC heap after
Heap after GC invocations=2 (full 0):
 PSYoungGen      total 76288K, used 9822K [0x000000076b180000, 0x0000000770680000, 0x00000007c0000000)
  eden space 65536K, 0% used [0x000000076b180000,0x000000076b180000,0x000000076f180000)
  from space 10752K, 91% used [0x000000076fc00000,0x0000000770597b78,0x0000000770680000)
  to   space 10752K, 0% used [0x000000076f180000,0x000000076f180000,0x000000076fc00000)
 ParOldGen       total 175104K, used 4912K [0x00000006c1400000, 0x00000006cbf00000, 0x000000076b180000)
  object space 175104K, 2% used [0x00000006c1400000,0x00000006c18cc0f0,0x00000006cbf00000)
 Metaspace       used 20677K, capacity 21156K, committed 21296K, reserved 1069056K
  class space    used 2449K, capacity 2604K, committed 2688K, reserved 1048576K
}
Event: 1.023 GC heap before
{Heap before GC invocations=3 (full 1):
 PSYoungGen      total 76288K, used 9822K [0x000000076b180000, 0x0000000770680000, 0x00000007c0000000)
  eden space 65536K, 0% used [0x000000076b180000,0x000000076b180000,0x000000076f180000)
  from space 10752K, 91% used [0x000000076fc00000,0x0000000770597b78,0x0000000770680000)
  to   space 10752K, 0% used [0x000000076f180000,0x000000076f180000,0x000000076fc00000)
 ParOldGen       total 175104K, used 4912K [0x00000006c1400000, 0x00000006cbf00000, 0x000000076b180000)
  object space 175104K, 2% used [0x00000006c1400000,0x00000006c18cc0f0,0x00000006cbf00000)
 Metaspace       used 20677K, capacity 21156K, committed 21296K, reserved 1069056K
  class space    used 2449K, capacity 2604K, committed 2688K, reserved 1048576K
Event: 1.044 GC heap after
Heap after GC invocations=3 (full 1):
 PSYoungGen      total 76288K, used 0K [0x000000076b180000, 0x0000000770680000, 0x00000007c0000000)
  eden space 65536K, 0% used [0x000000076b180000,0x000000076b180000,0x000000076f180000)
  from space 10752K, 0% used [0x000000076fc00000,0x000000076fc00000,0x0000000770680000)
  to   space 10752K, 0% used [0x000000076f180000,0x000000076f180000,0x000000076fc00000)
 ParOldGen       total 116224K, used 9442K [0x00000006c1400000, 0x00000006c8580000, 0x000000076b180000)
  object space 116224K, 8% used [0x00000006c1400000,0x00000006c1d38a20,0x00000006c8580000)
 Metaspace       used 20677K, capacity 21156K, committed 21296K, reserved 1069056K
  class space    used 2449K, capacity 2604K, committed 2688K, reserved 1048576K
}
Event: 1.584 GC heap before
{Heap before GC invocations=4 (full 1):
 PSYoungGen      total 76288K, used 65536K [0x000000076b180000, 0x0000000770680000, 0x00000007c0000000)
  eden space 65536K, 100% used [0x000000076b180000,0x000000076f180000,0x000000076f180000)
  from space 10752K, 0% used [0x000000076fc00000,0x000000076fc00000,0x0000000770680000)
  to   space 10752K, 0% used [0x000000076f180000,0x000000076f180000,0x000000076fc00000)
 ParOldGen       total 116224K, used 9442K [0x00000006c1400000, 0x00000006c8580000, 0x000000076b180000)
  object space 116224K, 8% used [0x00000006c1400000,0x00000006c1d38a20,0x00000006c8580000)
 Metaspace       used 29213K, capacity 29797K, committed 30080K, reserved 1075200K
  class space    used 3544K, capacity 3702K, committed 3712K, reserved 1048576K
Event: 1.591 GC heap after
Heap after GC invocations=4 (full 1):
 PSYoungGen      total 76288K, used 10749K [0x000000076b180000, 0x0000000772380000, 0x00000007c0000000)
  eden space 65536K, 0% used [0x000000076b180000,0x000000076b180000,0x000000076f180000)
  from space 10752K, 99% used [0x000000076f180000,0x000000076fbff628,0x000000076fc00000)
  to   space 10752K, 0% used [0x0000000771900000,0x0000000771900000,0x0000000772380000)
 ParOldGen       total 116224K, used 15101K [0x00000006c1400000, 0x00000006c8580000, 0x000000076b180000)
  object space 116224K, 12% used [0x00000006c1400000,0x00000006c22bf7b8,0x00000006c8580000)
 Metaspace       used 29213K, capacity 29797K, committed 30080K, reserved 1075200K
  class space    used 3544K, capacity 3702K, committed 3712K, reserved 1048576K
}
Event: 1.896 GC heap before
{Heap before GC invocations=5 (full 1):
 PSYoungGen      total 76288K, used 37159K [0x000000076b180000, 0x0000000772380000, 0x00000007c0000000)
  eden space 65536K, 40% used [0x000000076b180000,0x000000076cb4a7c0,0x000000076f180000)
  from space 10752K, 99% used [0x000000076f180000,0x000000076fbff628,0x000000076fc00000)
  to   space 10752K, 0% used [0x0000000771900000,0x0000000771900000,0x0000000772380000)
 ParOldGen       total 116224K, used 15101K [0x00000006c1400000, 0x00000006c8580000, 0x000000076b180000)
  object space 116224K, 12% used [0x00000006c1400000,0x00000006c22bf7b8,0x00000006c8580000)
 Metaspace       used 34625K, capacity 35194K, committed 35456K, reserved 1079296K
  class space    used 4431K, capacity 4616K, committed 4736K, reserved 1048576K
Event: 1.903 GC heap after
Heap after GC invocations=5 (full 1):
 PSYoungGen      total 105984K, used 10751K [0x000000076b180000, 0x0000000772480000, 0x00000007c0000000)
  eden space 95232K, 0% used [0x000000076b180000,0x000000076b180000,0x0000000770e80000)
  from space 10752K, 99% used [0x0000000771900000,0x000000077237fe98,0x0000000772380000)
  to   space 10752K, 0% used [0x0000000770e80000,0x0000000770e80000,0x0000000771900000)
 ParOldGen       total 116224K, used 18489K [0x00000006c1400000, 0x00000006c8580000, 0x000000076b180000)
  object space 116224K, 15% used [0x00000006c1400000,0x00000006c260e588,0x00000006c8580000)
 Metaspace       used 34625K, capacity 35194K, committed 35456K, reserved 1079296K
  class space    used 4431K, capacity 4616K, committed 4736K, reserved 1048576K
}
Event: 1.903 GC heap before
{Heap before GC invocations=6 (full 2):
 PSYoungGen      total 105984K, used 10751K [0x000000076b180000, 0x0000000772480000, 0x00000007c0000000)
  eden space 95232K, 0% used [0x000000076b180000,0x000000076b180000,0x0000000770e80000)
  from space 10752K, 99% used [0x0000000771900000,0x000000077237fe98,0x0000000772380000)
  to   space 10752K, 0% used [0x0000000770e80000,0x0000000770e80000,0x0000000771900000)
 ParOldGen       total 116224K, used 18489K [0x00000006c1400000, 0x00000006c8580000, 0x000000076b180000)
  object space 116224K, 15% used [0x00000006c1400000,0x00000006c260e588,0x00000006c8580000)
 Metaspace       used 34625K, capacity 35194K, committed 35456K, reserved 1079296K
  class space    used 4431K, capacity 4616K, committed 4736K, reserved 1048576K
Event: 1.930 GC heap after
Heap after GC invocations=6 (full 2):
 PSYoungGen      total 105984K, used 0K [0x000000076b180000, 0x0000000772480000, 0x00000007c0000000)
  eden space 95232K, 0% used [0x000000076b180000,0x000000076b180000,0x0000000770e80000)
  from space 10752K, 0% used [0x0000000771900000,0x0000000771900000,0x0000000772380000)
  to   space 10752K, 0% used [0x0000000770e80000,0x0000000770e80000,0x0000000771900000)
 ParOldGen       total 116224K, used 19488K [0x00000006c1400000, 0x00000006c8580000, 0x000000076b180000)
  object space 116224K, 16% used [0x00000006c1400000,0x00000006c2708350,0x00000006c8580000)
 Metaspace       used 34625K, capacity 35194K, committed 35456K, reserved 1079296K
  class space    used 4431K, capacity 4616K, committed 4736K, reserved 1048576K
}

