# JRE version: OpenJDK Runtime Environment (8.0_242-b01) (build 1.8.0_242-release-1644-b01)
# Java VM: OpenJDK 64-Bit Server VM (25.242-b01 mixed mode windows-amd64 compressed oops)
Heap:
 PSYoungGen      total 384512K, used 318085K [0x00000000e0000000, 0x00000000fe380000, 0x0000000100000000)
  eden space 301056K, 85% used [0x00000000e0000000,0x00000000efa36490,0x00000000f2600000)
  from space 83456K, 74% used [0x00000000f2600000,0x00000000f626b160,0x00000000f7780000)
  to   space 88064K, 0% used [0x00000000f8d80000,0x00000000f8d80000,0x00000000fe380000)
 ParOldGen       total 324096K, used 171850K [0x00000000a0000000, 0x00000000b3c80000, 0x00000000e0000000)
  object space 324096K, 53% used [0x00000000a0000000,0x00000000aa7d2bf8,0x00000000b3c80000)
 Metaspace       used 153811K, capacity 162220K, committed 162456K, reserved 1189888K
  class space    used 19788K, capacity 21422K, committed 21424K, reserved 1048576K
GC Heap History (10 events):
Event: 5391.181 GC heap before
{Heap before GC invocations=23 (full 4):
 PSYoungGen      total 306688K, used 292614K [0x00000000e0000000, 0x00000000f6900000, 0x0000000100000000)
  eden space 253440K, 100% used [0x00000000e0000000,0x00000000ef780000,0x00000000ef780000)
  from space 53248K, 73% used [0x00000000f2e80000,0x00000000f54c1890,0x00000000f6280000)
  to   space 56320K, 0% used [0x00000000ef780000,0x00000000ef780000,0x00000000f2e80000)
 ParOldGen       total 324096K, used 106403K [0x00000000a0000000, 0x00000000b3c80000, 0x00000000e0000000)
  object space 324096K, 32% used [0x00000000a0000000,0x00000000a67e8f48,0x00000000b3c80000)
 Metaspace       used 118098K, capacity 123874K, committed 124184K, reserved 1157120K
  class space    used 15261K, capacity 16359K, committed 16432K, reserved 1048576K
Event: 5391.220 GC heap after
Heap after GC invocations=23 (full 4):
 PSYoungGen      total 309760K, used 56295K [0x00000000e0000000, 0x00000000fbd00000, 0x0000000100000000)
  eden space 253440K, 0% used [0x00000000e0000000,0x00000000e0000000,0x00000000ef780000)
  from space 56320K, 99% used [0x00000000ef780000,0x00000000f2e79e50,0x00000000f2e80000)
  to   space 83968K, 0% used [0x00000000f6b00000,0x00000000f6b00000,0x00000000fbd00000)
 ParOldGen       total 324096K, used 158558K [0x00000000a0000000, 0x00000000b3c80000, 0x00000000e0000000)
  object space 324096K, 48% used [0x00000000a0000000,0x00000000a9ad7918,0x00000000b3c80000)
 Metaspace       used 118098K, capacity 123874K, committed 124184K, reserved 1157120K
  class space    used 15261K, capacity 16359K, committed 16432K, reserved 1048576K
}
Event: 5499.123 GC heap before
{Heap before GC invocations=24 (full 4):
 PSYoungGen      total 309760K, used 309735K [0x00000000e0000000, 0x00000000fbd00000, 0x0000000100000000)
  eden space 253440K, 100% used [0x00000000e0000000,0x00000000ef780000,0x00000000ef780000)
  from space 56320K, 99% used [0x00000000ef780000,0x00000000f2e79e50,0x00000000f2e80000)
  to   space 83968K, 0% used [0x00000000f6b00000,0x00000000f6b00000,0x00000000fbd00000)
 ParOldGen       total 324096K, used 158558K [0x00000000a0000000, 0x00000000b3c80000, 0x00000000e0000000)
  object space 324096K, 48% used [0x00000000a0000000,0x00000000a9ad7918,0x00000000b3c80000)
 Metaspace       used 119635K, capacity 125680K, committed 125976K, reserved 1159168K
  class space    used 15451K, capacity 16586K, committed 16688K, reserved 1048576K
Event: 5499.159 GC heap after
Heap after GC invocations=24 (full 4):
 PSYoungGen      total 354304K, used 41289K [0x00000000e0000000, 0x00000000fb200000, 0x0000000100000000)
  eden space 281600K, 0% used [0x00000000e0000000,0x00000000e0000000,0x00000000f1300000)
  from space 72704K, 56% used [0x00000000f6b00000,0x00000000f93525f0,0x00000000fb200000)
  to   space 81408K, 0% used [0x00000000f1300000,0x00000000f1300000,0x00000000f6280000)
 ParOldGen       total 324096K, used 171826K [0x00000000a0000000, 0x00000000b3c80000, 0x00000000e0000000)
  object space 324096K, 53% used [0x00000000a0000000,0x00000000aa7ccbf8,0x00000000b3c80000)
 Metaspace       used 119635K, capacity 125680K, committed 125976K, reserved 1159168K
  class space    used 15451K, capacity 16586K, committed 16688K, reserved 1048576K
}
Event: 5897.081 GC heap before
{Heap before GC invocations=25 (full 4):
 PSYoungGen      total 354304K, used 322889K [0x00000000e0000000, 0x00000000fb200000, 0x0000000100000000)
  eden space 281600K, 100% used [0x00000000e0000000,0x00000000f1300000,0x00000000f1300000)
  from space 72704K, 56% used [0x00000000f6b00000,0x00000000f93525f0,0x00000000fb200000)
  to   space 81408K, 0% used [0x00000000f1300000,0x00000000f1300000,0x00000000f6280000)
 ParOldGen       total 324096K, used 171826K [0x00000000a0000000, 0x00000000b3c80000, 0x00000000e0000000)
  object space 324096K, 53% used [0x00000000a0000000,0x00000000aa7ccbf8,0x00000000b3c80000)
 Metaspace       used 123421K, capacity 129876K, committed 130072K, reserved 1163264K
  class space    used 15902K, capacity 17121K, committed 17200K, reserved 1048576K
Event: 5897.102 GC heap after
Heap after GC invocations=25 (full 4):
 PSYoungGen      total 363008K, used 30224K [0x00000000e0000000, 0x00000000fc380000, 0x0000000100000000)
  eden space 281600K, 0% used [0x00000000e0000000,0x00000000e0000000,0x00000000f1300000)
  from space 81408K, 37% used [0x00000000f1300000,0x00000000f3084010,0x00000000f6280000)
  to   space 77824K, 0% used [0x00000000f7780000,0x00000000f7780000,0x00000000fc380000)
 ParOldGen       total 324096K, used 171834K [0x00000000a0000000, 0x00000000b3c80000, 0x00000000e0000000)
  object space 324096K, 53% used [0x00000000a0000000,0x00000000aa7cebf8,0x00000000b3c80000)
 Metaspace       used 123421K, capacity 129876K, committed 130072K, reserved 1163264K
  class space    used 15902K, capacity 17121K, committed 17200K, reserved 1048576K
}
Event: 5930.643 GC heap before
{Heap before GC invocations=26 (full 4):
 PSYoungGen      total 363008K, used 311824K [0x00000000e0000000, 0x00000000fc380000, 0x0000000100000000)
  eden space 281600K, 100% used [0x00000000e0000000,0x00000000f1300000,0x00000000f1300000)
  from space 81408K, 37% used [0x00000000f1300000,0x00000000f3084010,0x00000000f6280000)
  to   space 77824K, 0% used [0x00000000f7780000,0x00000000f7780000,0x00000000fc380000)
 ParOldGen       total 324096K, used 171834K [0x00000000a0000000, 0x00000000b3c80000, 0x00000000e0000000)
  object space 324096K, 53% used [0x00000000a0000000,0x00000000aa7cebf8,0x00000000b3c80000)
 Metaspace       used 141314K, capacity 148754K, committed 148888K, reserved 1179648K
  class space    used 18144K, capacity 19582K, committed 19632K, reserved 1048576K
Event: 5930.675 GC heap after
Heap after GC invocations=26 (full 4):
 PSYoungGen      total 378880K, used 61334K [0x00000000e0000000, 0x00000000fca80000, 0x0000000100000000)
  eden space 301056K, 0% used [0x00000000e0000000,0x00000000e0000000,0x00000000f2600000)
  from space 77824K, 78% used [0x00000000f7780000,0x00000000fb365878,0x00000000fc380000)
  to   space 83456K, 0% used [0x00000000f2600000,0x00000000f2600000,0x00000000f7780000)
 ParOldGen       total 324096K, used 171842K [0x00000000a0000000, 0x00000000b3c80000, 0x00000000e0000000)
  object space 324096K, 53% used [0x00000000a0000000,0x00000000aa7d0bf8,0x00000000b3c80000)
 Metaspace       used 141314K, capacity 148754K, committed 148888K, reserved 1179648K
  class space    used 18144K, capacity 19582K, committed 19632K, reserved 1048576K
}
Event: 6031.909 GC heap before
{Heap before GC invocations=27 (full 4):
 PSYoungGen      total 378880K, used 362390K [0x00000000e0000000, 0x00000000fca80000, 0x0000000100000000)
  eden space 301056K, 100% used [0x00000000e0000000,0x00000000f2600000,0x00000000f2600000)
  from space 77824K, 78% used [0x00000000f7780000,0x00000000fb365878,0x00000000fc380000)
  to   space 83456K, 0% used [0x00000000f2600000,0x00000000f2600000,0x00000000f7780000)
 ParOldGen       total 324096K, used 171842K [0x00000000a0000000, 0x00000000b3c80000, 0x00000000e0000000)
  object space 324096K, 53% used [0x00000000a0000000,0x00000000aa7d0bf8,0x00000000b3c80000)
 Metaspace       used 148775K, capacity 157056K, committed 157336K, reserved 1185792K
  class space    used 19210K, capacity 20792K, committed 20912K, reserved 1048576K
Event: 6031.939 GC heap after
Heap after GC invocations=27 (full 4):
 PSYoungGen      total 384512K, used 61868K [0x00000000e0000000, 0x00000000fe380000, 0x0000000100000000)
  eden space 301056K, 0% used [0x00000000e0000000,0x00000000e0000000,0x00000000f2600000)
  from space 83456K, 74% used [0x00000000f2600000,0x00000000f626b160,0x00000000f7780000)
  to   space 88064K, 0% used [0x00000000f8d80000,0x00000000f8d80000,0x00000000fe380000)
 ParOldGen       total 324096K, used 171850K [0x00000000a0000000, 0x00000000b3c80000, 0x00000000e0000000)
  object space 324096K, 53% used [0x00000000a0000000,0x00000000aa7d2bf8,0x00000000b3c80000)
 Metaspace       used 148775K, capacity 157056K, committed 157336K, reserved 1185792K
  class space    used 19210K, capacity 20792K, committed 20912K, reserved 1048576K
}

